[0.780s] Invoking command in '/home/krita/exo_ws/src/exo': PYTHONPATH=/home/krita/exo_ws/build/exo/prefix_override:/home/krita/exo_ws/install/exo/lib/python3.10/site-packages:${PYTHONPATH} /usr/bin/python3 setup.py egg_info --egg-base ../../build/exo build --build-base /home/krita/exo_ws/build/exo/build install --record /home/krita/exo_ws/build/exo/install.log --single-version-externally-managed
[1.034s] running egg_info
[1.035s] writing ../../build/exo/exo.egg-info/PKG-INFO
[1.035s] writing dependency_links to ../../build/exo/exo.egg-info/dependency_links.txt
[1.035s] writing entry points to ../../build/exo/exo.egg-info/entry_points.txt
[1.035s] writing requirements to ../../build/exo/exo.egg-info/requires.txt
[1.036s] writing top-level names to ../../build/exo/exo.egg-info/top_level.txt
[1.037s] reading manifest file '../../build/exo/exo.egg-info/SOURCES.txt'
[1.037s] writing manifest file '../../build/exo/exo.egg-info/SOURCES.txt'
[1.038s] running build
[1.038s] running build_py
[1.038s] copying exo/datasolver.py -> /home/krita/exo_ws/build/exo/build/lib/exo
[1.038s] running install
[1.039s] /usr/lib/python3/dist-packages/setuptools/command/install.py:34: SetuptoolsDeprecationWarning: setup.py install is deprecated. Use build and pip and other standards-based tools.
[1.039s]   warnings.warn(
[1.039s] running install_lib
[1.040s] copying /home/krita/exo_ws/build/exo/build/lib/exo/datasolver.py -> /home/krita/exo_ws/install/exo/lib/python3.10/site-packages/exo
[1.040s] byte-compiling /home/krita/exo_ws/install/exo/lib/python3.10/site-packages/exo/datasolver.py to datasolver.cpython-310.pyc
[1.042s] running install_data
[1.043s] running install_egg_info
[1.045s] removing '/home/krita/exo_ws/install/exo/lib/python3.10/site-packages/exo-0.0.0-py3.10.egg-info' (and everything under it)
[1.045s] Copying ../../build/exo/exo.egg-info to /home/krita/exo_ws/install/exo/lib/python3.10/site-packages/exo-0.0.0-py3.10.egg-info
[1.046s] running install_scripts
[1.064s] Installing control script to /home/krita/exo_ws/install/exo/lib/exo
[1.064s] Installing interface script to /home/krita/exo_ws/install/exo/lib/exo
[1.064s] Installing wlanesp script to /home/krita/exo_ws/install/exo/lib/exo
[1.064s] writing list of installed files to '/home/krita/exo_ws/build/exo/install.log'
[1.084s] Invoked command in '/home/krita/exo_ws/src/exo' returned '0': PYTHONPATH=/home/krita/exo_ws/build/exo/prefix_override:/home/krita/exo_ws/install/exo/lib/python3.10/site-packages:${PYTHONPATH} /usr/bin/python3 setup.py egg_info --egg-base ../../build/exo build --build-base /home/krita/exo_ws/build/exo/build install --record /home/krita/exo_ws/build/exo/install.log --single-version-externally-managed
