running egg_info
creating ../../build/exo/exo.egg-info
writing ../../build/exo/exo.egg-info/PKG-INFO
writing dependency_links to ../../build/exo/exo.egg-info/dependency_links.txt
writing entry points to ../../build/exo/exo.egg-info/entry_points.txt
writing requirements to ../../build/exo/exo.egg-info/requires.txt
writing top-level names to ../../build/exo/exo.egg-info/top_level.txt
writing manifest file '../../build/exo/exo.egg-info/SOURCES.txt'
reading manifest file '../../build/exo/exo.egg-info/SOURCES.txt'
writing manifest file '../../build/exo/exo.egg-info/SOURCES.txt'
running build
running build_py
creating /home/krita/exo_ws/build/exo/build
creating /home/krita/exo_ws/build/exo/build/lib
creating /home/krita/exo_ws/build/exo/build/lib/exo
copying exo/datasolver.py -> /home/krita/exo_ws/build/exo/build/lib/exo
copying exo/__init__.py -> /home/krita/exo_ws/build/exo/build/lib/exo
running install
/usr/lib/python3/dist-packages/setuptools/command/install.py:34: SetuptoolsDeprecationWarning: setup.py install is deprecated. Use build and pip and other standards-based tools.
  warnings.warn(
running install_lib
running install_data
error: can't copy 'resource/exo': doesn't exist or not a regular file
