[0.697s] Invoking command in '/home/krita/exo_ws/src/exo': PYTHONPATH=/home/krita/exo_ws/build/exo/prefix_override:/home/krita/exo_ws/install/exo/lib/python3.10/site-packages:${PYTHONPATH} /usr/bin/python3 setup.py egg_info --egg-base ../../build/exo build --build-base /home/krita/exo_ws/build/exo/build install --record /home/krita/exo_ws/build/exo/install.log --single-version-externally-managed
[0.918s] running egg_info
[0.919s] creating ../../build/exo/exo.egg-info
[0.919s] writing ../../build/exo/exo.egg-info/PKG-INFO
[0.920s] writing dependency_links to ../../build/exo/exo.egg-info/dependency_links.txt
[0.920s] writing entry points to ../../build/exo/exo.egg-info/entry_points.txt
[0.920s] writing requirements to ../../build/exo/exo.egg-info/requires.txt
[0.920s] writing top-level names to ../../build/exo/exo.egg-info/top_level.txt
[0.920s] writing manifest file '../../build/exo/exo.egg-info/SOURCES.txt'
[0.921s] reading manifest file '../../build/exo/exo.egg-info/SOURCES.txt'
[0.922s] writing manifest file '../../build/exo/exo.egg-info/SOURCES.txt'
[0.922s] running build
[0.922s] running build_py
[0.922s] creating /home/krita/exo_ws/build/exo/build
[0.923s] creating /home/krita/exo_ws/build/exo/build/lib
[0.923s] creating /home/krita/exo_ws/build/exo/build/lib/exo
[0.923s] copying exo/datasolver.py -> /home/krita/exo_ws/build/exo/build/lib/exo
[0.923s] copying exo/__init__.py -> /home/krita/exo_ws/build/exo/build/lib/exo
[0.923s] running install
[0.923s] /usr/lib/python3/dist-packages/setuptools/command/install.py:34: SetuptoolsDeprecationWarning: setup.py install is deprecated. Use build and pip and other standards-based tools.
[0.923s]   warnings.warn(
[0.923s] running install_lib
[0.924s] running install_data
[0.925s] error: can't copy 'resource/exo': doesn't exist or not a regular file
[0.941s] Invoked command in '/home/krita/exo_ws/src/exo' returned '1': PYTHONPATH=/home/krita/exo_ws/build/exo/prefix_override:/home/krita/exo_ws/install/exo/lib/python3.10/site-packages:${PYTHONPATH} /usr/bin/python3 setup.py egg_info --egg-base ../../build/exo build --build-base /home/krita/exo_ws/build/exo/build install --record /home/krita/exo_ws/build/exo/install.log --single-version-externally-managed
