[1.061s] DEBUG:colcon:Command line arguments: ['/usr/bin/colcon', 'build']
[1.061s] DEBUG:colcon:Parsed command line arguments: Namespace(log_base=None, log_level=None, verb_name='build', build_base='build', install_base='install', merge_install=False, symlink_install=False, test_result_base=None, continue_on_error=False, executor='parallel', parallel_workers=8, event_handlers=None, ignore_user_meta=False, metas=['./colcon.meta'], base_paths=['.'], packages_ignore=None, packages_ignore_regex=None, paths=None, packages_up_to=None, packages_up_to_regex=None, packages_above=None, packages_above_and_dependencies=None, packages_above_depth=None, packages_select_by_dep=None, packages_skip_by_dep=None, packages_skip_up_to=None, packages_select_build_failed=False, packages_skip_build_finished=False, packages_select_test_failures=False, packages_skip_test_passed=False, packages_select=None, packages_skip=None, packages_select_regex=None, packages_skip_regex=None, packages_start=None, packages_end=None, allow_overriding=[], cmake_args=None, cmake_target=None, cmake_target_skip_unavailable=False, cmake_clean_cache=False, cmake_clean_first=False, cmake_force_configure=False, ament_cmake_args=None, catkin_cmake_args=None, catkin_skip_building_tests=False, verb_parser=<colcon_defaults.argument_parser.defaults.DefaultArgumentsDecorator object at 0x7f358d3ed360>, verb_extension=<colcon_core.verb.build.BuildVerb object at 0x7f358d3c88b0>, main=<bound method BuildVerb.main of <colcon_core.verb.build.BuildVerb object at 0x7f358d3c88b0>>)
[1.107s] Level 1:colcon.colcon_core.package_discovery:discover_packages(colcon_meta) check parameters
[1.108s] Level 1:colcon.colcon_core.package_discovery:discover_packages(recursive) check parameters
[1.108s] Level 1:colcon.colcon_core.package_discovery:discover_packages(ignore) check parameters
[1.108s] Level 1:colcon.colcon_core.package_discovery:discover_packages(path) check parameters
[1.108s] Level 1:colcon.colcon_core.package_discovery:discover_packages(colcon_meta) discover
[1.108s] Level 1:colcon.colcon_core.package_discovery:discover_packages(recursive) discover
[1.108s] INFO:colcon.colcon_core.package_discovery:Crawling recursively for packages in '/home/krita/exo_ws'
[1.108s] Level 1:colcon.colcon_core.package_identification:_identify(.) by extensions ['ignore', 'ignore_ament_install']
[1.108s] Level 1:colcon.colcon_core.package_identification:_identify(.) by extension 'ignore'
[1.108s] Level 1:colcon.colcon_core.package_identification:_identify(.) by extension 'ignore_ament_install'
[1.108s] Level 1:colcon.colcon_core.package_identification:_identify(.) by extensions ['colcon_pkg']
[1.108s] Level 1:colcon.colcon_core.package_identification:_identify(.) by extension 'colcon_pkg'
[1.108s] Level 1:colcon.colcon_core.package_identification:_identify(.) by extensions ['colcon_meta']
[1.108s] Level 1:colcon.colcon_core.package_identification:_identify(.) by extension 'colcon_meta'
[1.108s] Level 1:colcon.colcon_core.package_identification:_identify(.) by extensions ['ros']
[1.108s] Level 1:colcon.colcon_core.package_identification:_identify(.) by extension 'ros'
[1.118s] Level 1:colcon.colcon_core.package_identification:_identify(.) by extensions ['cmake', 'python']
[1.118s] Level 1:colcon.colcon_core.package_identification:_identify(.) by extension 'cmake'
[1.118s] Level 1:colcon.colcon_core.package_identification:_identify(.) by extension 'python'
[1.118s] Level 1:colcon.colcon_core.package_identification:_identify(.) by extensions ['python_setup_py']
[1.118s] Level 1:colcon.colcon_core.package_identification:_identify(.) by extension 'python_setup_py'
[1.118s] Level 1:colcon.colcon_core.package_identification:_identify(build) by extensions ['ignore', 'ignore_ament_install']
[1.118s] Level 1:colcon.colcon_core.package_identification:_identify(build) by extension 'ignore'
[1.118s] Level 1:colcon.colcon_core.package_identification:_identify(build) ignored
[1.118s] Level 1:colcon.colcon_core.package_identification:_identify(install) by extensions ['ignore', 'ignore_ament_install']
[1.118s] Level 1:colcon.colcon_core.package_identification:_identify(install) by extension 'ignore'
[1.118s] Level 1:colcon.colcon_core.package_identification:_identify(install) ignored
[1.119s] Level 1:colcon.colcon_core.package_identification:_identify(log) by extensions ['ignore', 'ignore_ament_install']
[1.119s] Level 1:colcon.colcon_core.package_identification:_identify(log) by extension 'ignore'
[1.119s] Level 1:colcon.colcon_core.package_identification:_identify(log) ignored
[1.119s] Level 1:colcon.colcon_core.package_identification:_identify(src) by extensions ['ignore', 'ignore_ament_install']
[1.119s] Level 1:colcon.colcon_core.package_identification:_identify(src) by extension 'ignore'
[1.119s] Level 1:colcon.colcon_core.package_identification:_identify(src) by extension 'ignore_ament_install'
[1.119s] Level 1:colcon.colcon_core.package_identification:_identify(src) by extensions ['colcon_pkg']
[1.119s] Level 1:colcon.colcon_core.package_identification:_identify(src) by extension 'colcon_pkg'
[1.119s] Level 1:colcon.colcon_core.package_identification:_identify(src) by extensions ['colcon_meta']
[1.119s] Level 1:colcon.colcon_core.package_identification:_identify(src) by extension 'colcon_meta'
[1.119s] Level 1:colcon.colcon_core.package_identification:_identify(src) by extensions ['ros']
[1.119s] Level 1:colcon.colcon_core.package_identification:_identify(src) by extension 'ros'
[1.119s] Level 1:colcon.colcon_core.package_identification:_identify(src) by extensions ['cmake', 'python']
[1.119s] Level 1:colcon.colcon_core.package_identification:_identify(src) by extension 'cmake'
[1.119s] Level 1:colcon.colcon_core.package_identification:_identify(src) by extension 'python'
[1.119s] Level 1:colcon.colcon_core.package_identification:_identify(src) by extensions ['python_setup_py']
[1.119s] Level 1:colcon.colcon_core.package_identification:_identify(src) by extension 'python_setup_py'
[1.119s] Level 1:colcon.colcon_core.package_identification:_identify(src/exo) by extensions ['ignore', 'ignore_ament_install']
[1.120s] Level 1:colcon.colcon_core.package_identification:_identify(src/exo) by extension 'ignore'
[1.120s] Level 1:colcon.colcon_core.package_identification:_identify(src/exo) by extension 'ignore_ament_install'
[1.120s] Level 1:colcon.colcon_core.package_identification:_identify(src/exo) by extensions ['colcon_pkg']
[1.120s] Level 1:colcon.colcon_core.package_identification:_identify(src/exo) by extension 'colcon_pkg'
[1.120s] Level 1:colcon.colcon_core.package_identification:_identify(src/exo) by extensions ['colcon_meta']
[1.120s] Level 1:colcon.colcon_core.package_identification:_identify(src/exo) by extension 'colcon_meta'
[1.120s] Level 1:colcon.colcon_core.package_identification:_identify(src/exo) by extensions ['ros']
[1.120s] Level 1:colcon.colcon_core.package_identification:_identify(src/exo) by extension 'ros'
[1.122s] DEBUG:colcon.colcon_core.package_identification:Package 'src/exo' with type 'ros.ament_python' and name 'exo'
[1.122s] Level 1:colcon.colcon_core.package_discovery:discover_packages(recursive) using defaults
[1.122s] Level 1:colcon.colcon_core.package_discovery:discover_packages(ignore) discover
[1.122s] Level 1:colcon.colcon_core.package_discovery:discover_packages(ignore) using defaults
[1.122s] Level 1:colcon.colcon_core.package_discovery:discover_packages(path) discover
[1.122s] Level 1:colcon.colcon_core.package_discovery:discover_packages(path) using defaults
[1.220s] Level 1:colcon.colcon_core.package_discovery:discover_packages(prefix_path) check parameters
[1.221s] Level 1:colcon.colcon_core.package_discovery:discover_packages(prefix_path) discover
[1.254s] DEBUG:colcon.colcon_installed_package_information.package_discovery:Found 271 installed packages in /opt/ros/humble
[1.255s] Level 1:colcon.colcon_core.package_discovery:discover_packages(prefix_path) using defaults
[1.362s] Level 5:colcon.colcon_core.verb:set package 'exo' build argument 'cmake_args' from command line to 'None'
[1.362s] Level 5:colcon.colcon_core.verb:set package 'exo' build argument 'cmake_target' from command line to 'None'
[1.362s] Level 5:colcon.colcon_core.verb:set package 'exo' build argument 'cmake_target_skip_unavailable' from command line to 'False'
[1.362s] Level 5:colcon.colcon_core.verb:set package 'exo' build argument 'cmake_clean_cache' from command line to 'False'
[1.363s] Level 5:colcon.colcon_core.verb:set package 'exo' build argument 'cmake_clean_first' from command line to 'False'
[1.363s] Level 5:colcon.colcon_core.verb:set package 'exo' build argument 'cmake_force_configure' from command line to 'False'
[1.363s] Level 5:colcon.colcon_core.verb:set package 'exo' build argument 'ament_cmake_args' from command line to 'None'
[1.363s] Level 5:colcon.colcon_core.verb:set package 'exo' build argument 'catkin_cmake_args' from command line to 'None'
[1.363s] Level 5:colcon.colcon_core.verb:set package 'exo' build argument 'catkin_skip_building_tests' from command line to 'False'
[1.363s] DEBUG:colcon.colcon_core.verb:Building package 'exo' with the following arguments: {'ament_cmake_args': None, 'build_base': '/home/krita/exo_ws/build/exo', 'catkin_cmake_args': None, 'catkin_skip_building_tests': False, 'cmake_args': None, 'cmake_clean_cache': False, 'cmake_clean_first': False, 'cmake_force_configure': False, 'cmake_target': None, 'cmake_target_skip_unavailable': False, 'install_base': '/home/krita/exo_ws/install/exo', 'merge_install': False, 'path': '/home/krita/exo_ws/src/exo', 'symlink_install': False, 'test_result_base': None}
[1.382s] INFO:colcon.colcon_core.executor:Executing jobs using 'parallel' executor
[1.402s] DEBUG:colcon.colcon_parallel_executor.executor.parallel:run_until_complete
[1.402s] INFO:colcon.colcon_ros.task.ament_python.build:Building ROS package in '/home/krita/exo_ws/src/exo' with build type 'ament_python'
[1.402s] Level 1:colcon.colcon_core.shell:create_environment_hook('exo', 'ament_prefix_path')
[1.423s] INFO:colcon.colcon_core.plugin_system:Skipping extension 'colcon_core.shell.bat': Not used on non-Windows systems
[1.423s] INFO:colcon.colcon_core.shell:Creating environment hook '/home/krita/exo_ws/install/exo/share/exo/hook/ament_prefix_path.ps1'
[1.424s] INFO:colcon.colcon_core.shell:Creating environment descriptor '/home/krita/exo_ws/install/exo/share/exo/hook/ament_prefix_path.dsv'
[1.424s] INFO:colcon.colcon_core.shell:Creating environment hook '/home/krita/exo_ws/install/exo/share/exo/hook/ament_prefix_path.sh'
[1.443s] INFO:colcon.colcon_core.shell:Skip shell extension 'powershell' for command environment: Not usable outside of PowerShell
[1.443s] DEBUG:colcon.colcon_core.shell:Skip shell extension 'dsv' for command environment
[1.778s] INFO:colcon.colcon_core.task.python.build:Building Python package in '/home/krita/exo_ws/src/exo'
[1.800s] INFO:colcon.colcon_core.shell:Skip shell extension 'powershell' for command environment: Not usable outside of PowerShell
[1.800s] DEBUG:colcon.colcon_core.shell:Skip shell extension 'dsv' for command environment
[2.210s] DEBUG:colcon.colcon_core.event_handler.log_command:Invoking command in '/home/krita/exo_ws/src/exo': PYTHONPATH=/home/krita/exo_ws/build/exo/prefix_override:/home/krita/exo_ws/install/exo/lib/python3.10/site-packages:${PYTHONPATH} /usr/bin/python3 setup.py egg_info --egg-base ../../build/exo build --build-base /home/krita/exo_ws/build/exo/build install --record /home/krita/exo_ws/build/exo/install.log --single-version-externally-managed
[2.480s] DEBUG:colcon.colcon_core.event_handler.log_command:Invoked command in '/home/krita/exo_ws/src/exo' returned '0': PYTHONPATH=/home/krita/exo_ws/build/exo/prefix_override:/home/krita/exo_ws/install/exo/lib/python3.10/site-packages:${PYTHONPATH} /usr/bin/python3 setup.py egg_info --egg-base ../../build/exo build --build-base /home/krita/exo_ws/build/exo/build install --record /home/krita/exo_ws/build/exo/install.log --single-version-externally-managed
[2.498s] Level 1:colcon.colcon_core.environment:checking '/home/krita/exo_ws/install/exo' for CMake module files
[2.498s] Level 1:colcon.colcon_core.environment:checking '/home/krita/exo_ws/install/exo' for CMake config files
[2.498s] Level 1:colcon.colcon_core.environment:checking '/home/krita/exo_ws/install/exo/lib'
[2.499s] Level 1:colcon.colcon_core.environment:checking '/home/krita/exo_ws/install/exo/bin'
[2.499s] Level 1:colcon.colcon_core.environment:checking '/home/krita/exo_ws/install/exo/lib/pkgconfig/exo.pc'
[2.499s] Level 1:colcon.colcon_core.environment:checking '/home/krita/exo_ws/install/exo/lib/python3.10/site-packages'
[2.499s] Level 1:colcon.colcon_core.shell:create_environment_hook('exo', 'pythonpath')
[2.515s] INFO:colcon.colcon_core.shell:Creating environment hook '/home/krita/exo_ws/install/exo/share/exo/hook/pythonpath.ps1'
[2.515s] INFO:colcon.colcon_core.shell:Creating environment descriptor '/home/krita/exo_ws/install/exo/share/exo/hook/pythonpath.dsv'
[2.515s] INFO:colcon.colcon_core.shell:Creating environment hook '/home/krita/exo_ws/install/exo/share/exo/hook/pythonpath.sh'
[2.516s] Level 1:colcon.colcon_core.environment:checking '/home/krita/exo_ws/install/exo/bin'
[2.516s] Level 1:colcon.colcon_core.environment:create_environment_scripts_only(exo)
[2.532s] INFO:colcon.colcon_core.shell:Creating package script '/home/krita/exo_ws/install/exo/share/exo/package.ps1'
[2.533s] INFO:colcon.colcon_core.shell:Creating package descriptor '/home/krita/exo_ws/install/exo/share/exo/package.dsv'
[2.533s] INFO:colcon.colcon_core.shell:Creating package script '/home/krita/exo_ws/install/exo/share/exo/package.sh'
[2.534s] INFO:colcon.colcon_core.shell:Creating package script '/home/krita/exo_ws/install/exo/share/exo/package.bash'
[2.534s] INFO:colcon.colcon_core.shell:Creating package script '/home/krita/exo_ws/install/exo/share/exo/package.zsh'
[2.535s] Level 1:colcon.colcon_core.environment:create_file_with_runtime_dependencies(/home/krita/exo_ws/install/exo/share/colcon-core/packages/exo)
[2.535s] DEBUG:colcon.colcon_parallel_executor.executor.parallel:closing loop
[2.536s] DEBUG:colcon.colcon_parallel_executor.executor.parallel:loop closed
[2.536s] DEBUG:colcon.colcon_parallel_executor.executor.parallel:run_until_complete finished with '0'
[2.536s] DEBUG:colcon.colcon_core.event_reactor:joining thread
[2.555s] INFO:colcon.colcon_core.plugin_system:Skipping extension 'colcon_notification.desktop_notification.terminal_notifier': Not used on non-Darwin systems
[2.556s] INFO:colcon.colcon_core.plugin_system:Skipping extension 'colcon_notification.desktop_notification.win32': Not used on non-Windows systems
[2.556s] INFO:colcon.colcon_notification.desktop_notification:Sending desktop notification using 'notify2'
[2.566s] DEBUG:colcon.colcon_core.event_reactor:joined thread
[2.583s] INFO:colcon.colcon_core.shell:Creating prefix script '/home/krita/exo_ws/install/local_setup.ps1'
[2.584s] INFO:colcon.colcon_core.shell:Creating prefix util module '/home/krita/exo_ws/install/_local_setup_util_ps1.py'
[2.585s] INFO:colcon.colcon_core.shell:Creating prefix chain script '/home/krita/exo_ws/install/setup.ps1'
[2.602s] INFO:colcon.colcon_core.shell:Creating prefix script '/home/krita/exo_ws/install/local_setup.sh'
[2.602s] INFO:colcon.colcon_core.shell:Creating prefix util module '/home/krita/exo_ws/install/_local_setup_util_sh.py'
[2.603s] INFO:colcon.colcon_core.shell:Creating prefix chain script '/home/krita/exo_ws/install/setup.sh'
[2.620s] INFO:colcon.colcon_core.shell:Creating prefix script '/home/krita/exo_ws/install/local_setup.bash'
[2.620s] INFO:colcon.colcon_core.shell:Creating prefix chain script '/home/krita/exo_ws/install/setup.bash'
[2.637s] INFO:colcon.colcon_core.shell:Creating prefix script '/home/krita/exo_ws/install/local_setup.zsh'
[2.637s] INFO:colcon.colcon_core.shell:Creating prefix chain script '/home/krita/exo_ws/install/setup.zsh'
