[0.691s] Invoking command in '/home/krita/exo_ws/src/exo': PYTHONPATH=/home/krita/exo_ws/build/exo/prefix_override:/home/krita/exo_ws/install/exo/lib/python3.10/site-packages:${PYTHONPATH} /usr/bin/python3 setup.py egg_info --egg-base ../../build/exo build --build-base /home/krita/exo_ws/build/exo/build install --record /home/krita/exo_ws/build/exo/install.log --single-version-externally-managed
[0.913s] running egg_info
[0.913s] writing ../../build/exo/exo.egg-info/PKG-INFO
[0.913s] writing dependency_links to ../../build/exo/exo.egg-info/dependency_links.txt
[0.914s] writing entry points to ../../build/exo/exo.egg-info/entry_points.txt
[0.914s] writing requirements to ../../build/exo/exo.egg-info/requires.txt
[0.914s] writing top-level names to ../../build/exo/exo.egg-info/top_level.txt
[0.915s] reading manifest file '../../build/exo/exo.egg-info/SOURCES.txt'
[0.916s] writing manifest file '../../build/exo/exo.egg-info/SOURCES.txt'
[0.916s] running build
[0.916s] running build_py
[0.916s] copying exo/interpreter.py -> /home/krita/exo_ws/build/exo/build/lib/exo
[0.916s] running install
[0.916s] /usr/lib/python3/dist-packages/setuptools/command/install.py:34: SetuptoolsDeprecationWarning: setup.py install is deprecated. Use build and pip and other standards-based tools.
[0.917s]   warnings.warn(
[0.917s] running install_lib
[0.917s] copying /home/krita/exo_ws/build/exo/build/lib/exo/interpreter.py -> /home/krita/exo_ws/install/exo/lib/python3.10/site-packages/exo
[0.918s] byte-compiling /home/krita/exo_ws/install/exo/lib/python3.10/site-packages/exo/interpreter.py to interpreter.cpython-310.pyc
[0.919s] running install_data
[0.920s] running install_egg_info
[0.922s] removing '/home/krita/exo_ws/install/exo/lib/python3.10/site-packages/exo-0.0.0-py3.10.egg-info' (and everything under it)
[0.922s] Copying ../../build/exo/exo.egg-info to /home/krita/exo_ws/install/exo/lib/python3.10/site-packages/exo-0.0.0-py3.10.egg-info
[0.923s] running install_scripts
[0.941s] Installing control script to /home/krita/exo_ws/install/exo/lib/exo
[0.941s] Installing interface script to /home/krita/exo_ws/install/exo/lib/exo
[0.941s] Installing wlanesp script to /home/krita/exo_ws/install/exo/lib/exo
[0.942s] writing list of installed files to '/home/krita/exo_ws/build/exo/install.log'
[0.961s] Invoked command in '/home/krita/exo_ws/src/exo' returned '0': PYTHONPATH=/home/krita/exo_ws/build/exo/prefix_override:/home/krita/exo_ws/install/exo/lib/python3.10/site-packages:${PYTHONPATH} /usr/bin/python3 setup.py egg_info --egg-base ../../build/exo build --build-base /home/krita/exo_ws/build/exo/build install --record /home/krita/exo_ws/build/exo/install.log --single-version-externally-managed
