[0.802s] Invoking command in '/home/krita/exo_ws/src/exo': PYTHONPATH=/home/krita/exo_ws/build/exo/prefix_override:/home/krita/exo_ws/install/exo/lib/python3.10/site-packages:${PYTHONPATH} /usr/bin/python3 setup.py egg_info --egg-base ../../build/exo build --build-base /home/krita/exo_ws/build/exo/build install --record /home/krita/exo_ws/build/exo/install.log --single-version-externally-managed
[1.040s] running egg_info
[1.041s] writing ../../build/exo/exo.egg-info/PKG-INFO
[1.041s] writing dependency_links to ../../build/exo/exo.egg-info/dependency_links.txt
[1.042s] writing entry points to ../../build/exo/exo.egg-info/entry_points.txt
[1.042s] writing requirements to ../../build/exo/exo.egg-info/requires.txt
[1.042s] writing top-level names to ../../build/exo/exo.egg-info/top_level.txt
[1.044s] reading manifest file '../../build/exo/exo.egg-info/SOURCES.txt'
[1.045s] writing manifest file '../../build/exo/exo.egg-info/SOURCES.txt'
[1.045s] running build
[1.045s] running build_py
[1.046s] copying exo/wlanconn.py -> /home/krita/exo_ws/build/exo/build/lib/exo
[1.048s] running install
[1.048s] /usr/lib/python3/dist-packages/setuptools/command/install.py:34: SetuptoolsDeprecationWarning: setup.py install is deprecated. Use build and pip and other standards-based tools.
[1.048s]   warnings.warn(
[1.049s] running install_lib
[1.049s] copying /home/krita/exo_ws/build/exo/build/lib/exo/wlanconn.py -> /home/krita/exo_ws/install/exo/lib/python3.10/site-packages/exo
[1.050s] byte-compiling /home/krita/exo_ws/install/exo/lib/python3.10/site-packages/exo/wlanconn.py to wlanconn.cpython-310.pyc
[1.051s] running install_data
[1.051s] running install_egg_info
[1.054s] removing '/home/krita/exo_ws/install/exo/lib/python3.10/site-packages/exo-0.0.0-py3.10.egg-info' (and everything under it)
[1.054s] Copying ../../build/exo/exo.egg-info to /home/krita/exo_ws/install/exo/lib/python3.10/site-packages/exo-0.0.0-py3.10.egg-info
[1.055s] running install_scripts
[1.074s] Installing control script to /home/krita/exo_ws/install/exo/lib/exo
[1.074s] Installing interface script to /home/krita/exo_ws/install/exo/lib/exo
[1.074s] Installing wlanesp script to /home/krita/exo_ws/install/exo/lib/exo
[1.074s] writing list of installed files to '/home/krita/exo_ws/build/exo/install.log'
[1.094s] Invoked command in '/home/krita/exo_ws/src/exo' returned '0': PYTHONPATH=/home/krita/exo_ws/build/exo/prefix_override:/home/krita/exo_ws/install/exo/lib/python3.10/site-packages:${PYTHONPATH} /usr/bin/python3 setup.py egg_info --egg-base ../../build/exo build --build-base /home/krita/exo_ws/build/exo/build install --record /home/krita/exo_ws/build/exo/install.log --single-version-externally-managed
