/home/krita/exo_ws/install/exo/lib/python3.10/site-packages/exo/interpreter.py
/home/krita/exo_ws/install/exo/lib/python3.10/site-packages/exo/datasolver.py
/home/krita/exo_ws/install/exo/lib/python3.10/site-packages/exo/__init__.py
/home/krita/exo_ws/install/exo/lib/python3.10/site-packages/exo/wlanconn.py
/home/krita/exo_ws/install/exo/lib/python3.10/site-packages/exo/__pycache__/interpreter.cpython-310.pyc
/home/krita/exo_ws/install/exo/lib/python3.10/site-packages/exo/__pycache__/datasolver.cpython-310.pyc
/home/krita/exo_ws/install/exo/lib/python3.10/site-packages/exo/__pycache__/__init__.cpython-310.pyc
/home/krita/exo_ws/install/exo/lib/python3.10/site-packages/exo/__pycache__/wlanconn.cpython-310.pyc
/home/krita/exo_ws/install/exo/share/ament_index/resource_index/packages/exo
/home/krita/exo_ws/install/exo/share/exo/package.xml
/home/krita/exo_ws/install/exo/share/exo/sub_launch.py
/home/krita/exo_ws/install/exo/lib/python3.10/site-packages/exo-0.0.0-py3.10.egg-info/SOURCES.txt
/home/krita/exo_ws/install/exo/lib/python3.10/site-packages/exo-0.0.0-py3.10.egg-info/dependency_links.txt
/home/krita/exo_ws/install/exo/lib/python3.10/site-packages/exo-0.0.0-py3.10.egg-info/top_level.txt
/home/krita/exo_ws/install/exo/lib/python3.10/site-packages/exo-0.0.0-py3.10.egg-info/entry_points.txt
/home/krita/exo_ws/install/exo/lib/python3.10/site-packages/exo-0.0.0-py3.10.egg-info/requires.txt
/home/krita/exo_ws/install/exo/lib/python3.10/site-packages/exo-0.0.0-py3.10.egg-info/PKG-INFO
/home/krita/exo_ws/install/exo/lib/python3.10/site-packages/exo-0.0.0-py3.10.egg-info/zip-safe
/home/krita/exo_ws/install/exo/lib/exo/control
/home/krita/exo_ws/install/exo/lib/exo/interface
/home/krita/exo_ws/install/exo/lib/exo/wlanesp
