running egg_info
writing ../../build/exo/exo.egg-info/PKG-INFO
writing dependency_links to ../../build/exo/exo.egg-info/dependency_links.txt
writing entry points to ../../build/exo/exo.egg-info/entry_points.txt
writing requirements to ../../build/exo/exo.egg-info/requires.txt
writing top-level names to ../../build/exo/exo.egg-info/top_level.txt
reading manifest file '../../build/exo/exo.egg-info/SOURCES.txt'
writing manifest file '../../build/exo/exo.egg-info/SOURCES.txt'
running build
running build_py
running install
running install_lib
running install_data
copying resource/exo -> /home/krita/exo_ws/install/exo/share/ament_index/resource_index/exo
copying package.xml -> /home/krita/exo_ws/install/exo/share/exo
running install_egg_info
Copying ../../build/exo/exo.egg-info to /home/krita/exo_ws/install/exo/lib/python3.10/site-packages/exo-0.0.0-py3.10.egg-info
running install_scripts
Installing my_node script to /home/krita/exo_ws/install/exo/lib/exo
writing list of installed files to '/home/krita/exo_ws/build/exo/install.log'
