[0.673s] Invoking command in '/home/krita/exo_ws/src/exo': PYTHONPATH=/home/krita/exo_ws/build/exo/prefix_override:/home/krita/exo_ws/install/exo/lib/python3.10/site-packages:${PYTHONPATH} /usr/bin/python3 setup.py egg_info --egg-base ../../build/exo build --build-base /home/krita/exo_ws/build/exo/build install --record /home/krita/exo_ws/build/exo/install.log --single-version-externally-managed
[0.898s] running egg_info
[0.899s] writing ../../build/exo/exo.egg-info/PKG-INFO
[0.899s] writing dependency_links to ../../build/exo/exo.egg-info/dependency_links.txt
[0.899s] writing entry points to ../../build/exo/exo.egg-info/entry_points.txt
[0.899s] writing requirements to ../../build/exo/exo.egg-info/requires.txt
[0.899s] writing top-level names to ../../build/exo/exo.egg-info/top_level.txt
[0.901s] reading manifest file '../../build/exo/exo.egg-info/SOURCES.txt'
[0.902s] writing manifest file '../../build/exo/exo.egg-info/SOURCES.txt'
[0.902s] running build
[0.902s] running build_py
[0.902s] running install
[0.902s] /usr/lib/python3/dist-packages/setuptools/command/install.py:34: SetuptoolsDeprecationWarning: setup.py install is deprecated. Use build and pip and other standards-based tools.
[0.903s]   warnings.warn(
[0.903s] running install_lib
[0.904s] running install_data
[0.904s] copying resource/exo -> /home/krita/exo_ws/install/exo/share/ament_index/resource_index/exo
[0.905s] copying package.xml -> /home/krita/exo_ws/install/exo/share/exo
[0.905s] running install_egg_info
[0.907s] Copying ../../build/exo/exo.egg-info to /home/krita/exo_ws/install/exo/lib/python3.10/site-packages/exo-0.0.0-py3.10.egg-info
[0.907s] running install_scripts
[0.925s] Installing my_node script to /home/krita/exo_ws/install/exo/lib/exo
[0.925s] writing list of installed files to '/home/krita/exo_ws/build/exo/install.log'
[0.948s] Invoked command in '/home/krita/exo_ws/src/exo' returned '0': PYTHONPATH=/home/krita/exo_ws/build/exo/prefix_override:/home/krita/exo_ws/install/exo/lib/python3.10/site-packages:${PYTHONPATH} /usr/bin/python3 setup.py egg_info --egg-base ../../build/exo build --build-base /home/krita/exo_ws/build/exo/build install --record /home/krita/exo_ws/build/exo/install.log --single-version-externally-managed
