[0.751s] Invoking command in '/home/krita/exo_ws/src/exo': PYTHONPATH=/home/krita/exo_ws/build/exo/prefix_override:/home/krita/exo_ws/install/exo/lib/python3.10/site-packages:${PYTHONPATH} /usr/bin/python3 setup.py egg_info --egg-base ../../build/exo build --build-base /home/krita/exo_ws/build/exo/build install --record /home/krita/exo_ws/build/exo/install.log --single-version-externally-managed
[0.989s] running egg_info
[0.990s] writing ../../build/exo/exo.egg-info/PKG-INFO
[0.990s] writing dependency_links to ../../build/exo/exo.egg-info/dependency_links.txt
[0.991s] writing entry points to ../../build/exo/exo.egg-info/entry_points.txt
[0.991s] writing requirements to ../../build/exo/exo.egg-info/requires.txt
[0.991s] writing top-level names to ../../build/exo/exo.egg-info/top_level.txt
[0.992s] reading manifest file '../../build/exo/exo.egg-info/SOURCES.txt'
[0.993s] writing manifest file '../../build/exo/exo.egg-info/SOURCES.txt'
[0.993s] running build
[0.993s] running build_py
[0.994s] copying exo/datasolver.py -> /home/krita/exo_ws/build/exo/build/lib/exo
[0.994s] running install
[0.994s] /usr/lib/python3/dist-packages/setuptools/command/install.py:34: SetuptoolsDeprecationWarning: setup.py install is deprecated. Use build and pip and other standards-based tools.
[0.994s]   warnings.warn(
[0.994s] running install_lib
[0.995s] copying /home/krita/exo_ws/build/exo/build/lib/exo/datasolver.py -> /home/krita/exo_ws/install/exo/lib/python3.10/site-packages/exo
[0.996s] byte-compiling /home/krita/exo_ws/install/exo/lib/python3.10/site-packages/exo/datasolver.py to datasolver.cpython-310.pyc
[0.997s] running install_data
[0.997s] running install_egg_info
[0.999s] removing '/home/krita/exo_ws/install/exo/lib/python3.10/site-packages/exo-0.0.0-py3.10.egg-info' (and everything under it)
[1.000s] Copying ../../build/exo/exo.egg-info to /home/krita/exo_ws/install/exo/lib/python3.10/site-packages/exo-0.0.0-py3.10.egg-info
[1.000s] running install_scripts
[1.018s] Installing control script to /home/krita/exo_ws/install/exo/lib/exo
[1.018s] Installing wlanesp script to /home/krita/exo_ws/install/exo/lib/exo
[1.018s] writing list of installed files to '/home/krita/exo_ws/build/exo/install.log'
[1.040s] Invoked command in '/home/krita/exo_ws/src/exo' returned '0': PYTHONPATH=/home/krita/exo_ws/build/exo/prefix_override:/home/krita/exo_ws/install/exo/lib/python3.10/site-packages:${PYTHONPATH} /usr/bin/python3 setup.py egg_info --egg-base ../../build/exo build --build-base /home/krita/exo_ws/build/exo/build install --record /home/krita/exo_ws/build/exo/install.log --single-version-externally-managed
