[0.751s] Invoking command in '/home/krita/exo_ws/src/exo': PYTHONPATH=/home/krita/exo_ws/build/exo/prefix_override:/home/krita/exo_ws/install/exo/lib/python3.10/site-packages:${PYTHONPATH} /usr/bin/python3 setup.py egg_info --egg-base ../../build/exo build --build-base /home/krita/exo_ws/build/exo/build install --record /home/krita/exo_ws/build/exo/install.log --single-version-externally-managed
[0.978s] running egg_info
[0.979s] writing ../../build/exo/exo.egg-info/PKG-INFO
[0.979s] writing dependency_links to ../../build/exo/exo.egg-info/dependency_links.txt
[0.979s] writing entry points to ../../build/exo/exo.egg-info/entry_points.txt
[0.979s] writing requirements to ../../build/exo/exo.egg-info/requires.txt
[0.979s] writing top-level names to ../../build/exo/exo.egg-info/top_level.txt
[0.981s] reading manifest file '../../build/exo/exo.egg-info/SOURCES.txt'
[0.981s] writing manifest file '../../build/exo/exo.egg-info/SOURCES.txt'
[0.981s] running build
[0.981s] running build_py
[0.982s] copying exo/interpreter.py -> /home/krita/exo_ws/build/exo/build/lib/exo
[0.982s] running install
[0.982s] /usr/lib/python3/dist-packages/setuptools/command/install.py:34: SetuptoolsDeprecationWarning: setup.py install is deprecated. Use build and pip and other standards-based tools.
[0.982s]   warnings.warn(
[0.982s] running install_lib
[0.983s] copying /home/krita/exo_ws/build/exo/build/lib/exo/interpreter.py -> /home/krita/exo_ws/install/exo/lib/python3.10/site-packages/exo
[0.983s] byte-compiling /home/krita/exo_ws/install/exo/lib/python3.10/site-packages/exo/interpreter.py to interpreter.cpython-310.pyc
[0.985s] running install_data
[0.986s] running install_egg_info
[0.988s] removing '/home/krita/exo_ws/install/exo/lib/python3.10/site-packages/exo-0.0.0-py3.10.egg-info' (and everything under it)
[0.988s] Copying ../../build/exo/exo.egg-info to /home/krita/exo_ws/install/exo/lib/python3.10/site-packages/exo-0.0.0-py3.10.egg-info
[0.988s] running install_scripts
[1.006s] Installing control script to /home/krita/exo_ws/install/exo/lib/exo
[1.006s] Installing interface script to /home/krita/exo_ws/install/exo/lib/exo
[1.006s] Installing wlanesp script to /home/krita/exo_ws/install/exo/lib/exo
[1.007s] writing list of installed files to '/home/krita/exo_ws/build/exo/install.log'
[1.026s] Invoked command in '/home/krita/exo_ws/src/exo' returned '0': PYTHONPATH=/home/krita/exo_ws/build/exo/prefix_override:/home/krita/exo_ws/install/exo/lib/python3.10/site-packages:${PYTHONPATH} /usr/bin/python3 setup.py egg_info --egg-base ../../build/exo build --build-base /home/krita/exo_ws/build/exo/build install --record /home/krita/exo_ws/build/exo/install.log --single-version-externally-managed
