[0.655s] Invoking command in '/home/krita/exo_ws/src/exo': PYTHONPATH=/home/krita/exo_ws/build/exo/prefix_override:/home/krita/exo_ws/install/exo/lib/python3.10/site-packages:${PYTHONPATH} /usr/bin/python3 setup.py egg_info --egg-base ../../build/exo build --build-base /home/krita/exo_ws/build/exo/build install --record /home/krita/exo_ws/build/exo/install.log --single-version-externally-managed
[0.877s] running egg_info
[0.878s] writing ../../build/exo/exo.egg-info/PKG-INFO
[0.878s] writing dependency_links to ../../build/exo/exo.egg-info/dependency_links.txt
[0.878s] writing entry points to ../../build/exo/exo.egg-info/entry_points.txt
[0.878s] writing requirements to ../../build/exo/exo.egg-info/requires.txt
[0.879s] writing top-level names to ../../build/exo/exo.egg-info/top_level.txt
[0.880s] reading manifest file '../../build/exo/exo.egg-info/SOURCES.txt'
[0.881s] writing manifest file '../../build/exo/exo.egg-info/SOURCES.txt'
[0.881s] running build
[0.882s] running build_py
[0.882s] running install
[0.882s] /usr/lib/python3/dist-packages/setuptools/command/install.py:34: SetuptoolsDeprecationWarning: setup.py install is deprecated. Use build and pip and other standards-based tools.
[0.882s]   warnings.warn(
[0.882s] running install_lib
[0.884s] running install_data
[0.885s] running install_egg_info
[0.887s] removing '/home/krita/exo_ws/install/exo/lib/python3.10/site-packages/exo-0.0.0-py3.10.egg-info' (and everything under it)
[0.887s] Copying ../../build/exo/exo.egg-info to /home/krita/exo_ws/install/exo/lib/python3.10/site-packages/exo-0.0.0-py3.10.egg-info
[0.888s] running install_scripts
[0.905s] Installing control script to /home/krita/exo_ws/install/exo/lib/exo
[0.905s] Installing wlanesp script to /home/krita/exo_ws/install/exo/lib/exo
[0.906s] writing list of installed files to '/home/krita/exo_ws/build/exo/install.log'
[0.924s] Invoked command in '/home/krita/exo_ws/src/exo' returned '0': PYTHONPATH=/home/krita/exo_ws/build/exo/prefix_override:/home/krita/exo_ws/install/exo/lib/python3.10/site-packages:${PYTHONPATH} /usr/bin/python3 setup.py egg_info --egg-base ../../build/exo build --build-base /home/krita/exo_ws/build/exo/build install --record /home/krita/exo_ws/build/exo/install.log --single-version-externally-managed
