[0.744s] Invoking command in '/home/krita/exo_ws/src/exo': PYTHONPATH=/home/krita/exo_ws/build/exo/prefix_override:/home/krita/exo_ws/install/exo/lib/python3.10/site-packages:${PYTHONPATH} /usr/bin/python3 setup.py egg_info --egg-base ../../build/exo build --build-base /home/krita/exo_ws/build/exo/build install --record /home/krita/exo_ws/build/exo/install.log --single-version-externally-managed
[0.966s] running egg_info
[0.966s] writing ../../build/exo/exo.egg-info/PKG-INFO
[0.967s] writing dependency_links to ../../build/exo/exo.egg-info/dependency_links.txt
[0.967s] writing entry points to ../../build/exo/exo.egg-info/entry_points.txt
[0.967s] writing requirements to ../../build/exo/exo.egg-info/requires.txt
[0.967s] writing top-level names to ../../build/exo/exo.egg-info/top_level.txt
[0.968s] reading manifest file '../../build/exo/exo.egg-info/SOURCES.txt'
[0.969s] writing manifest file '../../build/exo/exo.egg-info/SOURCES.txt'
[0.969s] running build
[0.969s] running build_py
[0.969s] copying exo/wlanconn.py -> /home/krita/exo_ws/build/exo/build/lib/exo
[0.969s] running install
[0.970s] /usr/lib/python3/dist-packages/setuptools/command/install.py:34: SetuptoolsDeprecationWarning: setup.py install is deprecated. Use build and pip and other standards-based tools.
[0.970s]   warnings.warn(
[0.970s] running install_lib
[0.970s] copying /home/krita/exo_ws/build/exo/build/lib/exo/wlanconn.py -> /home/krita/exo_ws/install/exo/lib/python3.10/site-packages/exo
[0.971s] byte-compiling /home/krita/exo_ws/install/exo/lib/python3.10/site-packages/exo/wlanconn.py to wlanconn.cpython-310.pyc
[0.972s] running install_data
[0.972s] running install_egg_info
[0.974s] removing '/home/krita/exo_ws/install/exo/lib/python3.10/site-packages/exo-0.0.0-py3.10.egg-info' (and everything under it)
[0.974s] Copying ../../build/exo/exo.egg-info to /home/krita/exo_ws/install/exo/lib/python3.10/site-packages/exo-0.0.0-py3.10.egg-info
[0.975s] running install_scripts
[0.992s] Installing control script to /home/krita/exo_ws/install/exo/lib/exo
[0.992s] Installing interface script to /home/krita/exo_ws/install/exo/lib/exo
[0.992s] Installing wlanesp script to /home/krita/exo_ws/install/exo/lib/exo
[0.993s] writing list of installed files to '/home/krita/exo_ws/build/exo/install.log'
[1.011s] Invoked command in '/home/krita/exo_ws/src/exo' returned '0': PYTHONPATH=/home/krita/exo_ws/build/exo/prefix_override:/home/krita/exo_ws/install/exo/lib/python3.10/site-packages:${PYTHONPATH} /usr/bin/python3 setup.py egg_info --egg-base ../../build/exo build --build-base /home/krita/exo_ws/build/exo/build install --record /home/krita/exo_ws/build/exo/install.log --single-version-externally-managed
