[0.710s] Invoking command in '/home/krita/exo_ws/src/exo': PYTHONPATH=/home/krita/exo_ws/build/exo/prefix_override:/home/krita/exo_ws/install/exo/lib/python3.10/site-packages:${PYTHONPATH} /usr/bin/python3 setup.py egg_info --egg-base ../../build/exo build --build-base /home/krita/exo_ws/build/exo/build install --record /home/krita/exo_ws/build/exo/install.log --single-version-externally-managed
[0.937s] running egg_info
[0.938s] writing ../../build/exo/exo.egg-info/PKG-INFO
[0.938s] writing dependency_links to ../../build/exo/exo.egg-info/dependency_links.txt
[0.938s] writing entry points to ../../build/exo/exo.egg-info/entry_points.txt
[0.938s] writing requirements to ../../build/exo/exo.egg-info/requires.txt
[0.938s] writing top-level names to ../../build/exo/exo.egg-info/top_level.txt
[0.940s] reading manifest file '../../build/exo/exo.egg-info/SOURCES.txt'
[0.941s] writing manifest file '../../build/exo/exo.egg-info/SOURCES.txt'
[0.941s] running build
[0.941s] running build_py
[0.942s] running install
[0.942s] /usr/lib/python3/dist-packages/setuptools/command/install.py:34: SetuptoolsDeprecationWarning: setup.py install is deprecated. Use build and pip and other standards-based tools.
[0.942s]   warnings.warn(
[0.942s] running install_lib
[0.944s] running install_data
[0.944s] running install_egg_info
[0.947s] removing '/home/krita/exo_ws/install/exo/lib/python3.10/site-packages/exo-0.0.0-py3.10.egg-info' (and everything under it)
[0.947s] Copying ../../build/exo/exo.egg-info to /home/krita/exo_ws/install/exo/lib/python3.10/site-packages/exo-0.0.0-py3.10.egg-info
[0.948s] running install_scripts
[0.966s] Installing control script to /home/krita/exo_ws/install/exo/lib/exo
[0.966s] Installing interface script to /home/krita/exo_ws/install/exo/lib/exo
[0.966s] Installing wlanesp script to /home/krita/exo_ws/install/exo/lib/exo
[0.967s] writing list of installed files to '/home/krita/exo_ws/build/exo/install.log'
[0.988s] Invoked command in '/home/krita/exo_ws/src/exo' returned '0': PYTHONPATH=/home/krita/exo_ws/build/exo/prefix_override:/home/krita/exo_ws/install/exo/lib/python3.10/site-packages:${PYTHONPATH} /usr/bin/python3 setup.py egg_info --egg-base ../../build/exo build --build-base /home/krita/exo_ws/build/exo/build install --record /home/krita/exo_ws/build/exo/install.log --single-version-externally-managed
