[0.763s] Invoking command in '/home/krita/exo_ws/src/exo': PYTHONPATH=/home/krita/exo_ws/build/exo/prefix_override:/home/krita/exo_ws/install/exo/lib/python3.10/site-packages:${PYTHONPATH} /usr/bin/python3 setup.py egg_info --egg-base ../../build/exo build --build-base /home/krita/exo_ws/build/exo/build install --record /home/krita/exo_ws/build/exo/install.log --single-version-externally-managed
[0.995s] running egg_info
[0.995s] writing ../../build/exo/exo.egg-info/PKG-INFO
[0.996s] writing dependency_links to ../../build/exo/exo.egg-info/dependency_links.txt
[0.996s] writing entry points to ../../build/exo/exo.egg-info/entry_points.txt
[0.996s] writing requirements to ../../build/exo/exo.egg-info/requires.txt
[0.996s] writing top-level names to ../../build/exo/exo.egg-info/top_level.txt
[0.998s] reading manifest file '../../build/exo/exo.egg-info/SOURCES.txt'
[0.999s] writing manifest file '../../build/exo/exo.egg-info/SOURCES.txt'
[0.999s] running build
[0.999s] running build_py
[0.999s] running install
[0.999s] /usr/lib/python3/dist-packages/setuptools/command/install.py:34: SetuptoolsDeprecationWarning: setup.py install is deprecated. Use build and pip and other standards-based tools.
[0.999s]   warnings.warn(
[1.000s] running install_lib
[1.001s] running install_data
[1.001s] running install_egg_info
[1.004s] removing '/home/krita/exo_ws/install/exo/lib/python3.10/site-packages/exo-0.0.0-py3.10.egg-info' (and everything under it)
[1.004s] Copying ../../build/exo/exo.egg-info to /home/krita/exo_ws/install/exo/lib/python3.10/site-packages/exo-0.0.0-py3.10.egg-info
[1.005s] running install_scripts
[1.026s] Installing control script to /home/krita/exo_ws/install/exo/lib/exo
[1.026s] Installing interface script to /home/krita/exo_ws/install/exo/lib/exo
[1.026s] Installing wlanesp script to /home/krita/exo_ws/install/exo/lib/exo
[1.027s] writing list of installed files to '/home/krita/exo_ws/build/exo/install.log'
[1.051s] Invoked command in '/home/krita/exo_ws/src/exo' returned '0': PYTHONPATH=/home/krita/exo_ws/build/exo/prefix_override:/home/krita/exo_ws/install/exo/lib/python3.10/site-packages:${PYTHONPATH} /usr/bin/python3 setup.py egg_info --egg-base ../../build/exo build --build-base /home/krita/exo_ws/build/exo/build install --record /home/krita/exo_ws/build/exo/install.log --single-version-externally-managed
